<?xml version="1.0" encoding="UTF-8"?>
<!-- Generated by org.testng.reporters.JUnitXMLReporter -->
<testsuite hostname="NAVEEN" ignored="0" name="Validating title" tests="1" failures="1" timestamp="2021-05-18T14:45:00 IST" time="4.491" errors="0">
  <testcase name="basePageNavigation" time="0.058" classname="academy.ValidateTitle">
    <failure type="java.lang.AssertionError" message="expected [FEATURED132COURSES] but found [FEATURED COURSES]">
      <![CDATA[java.lang.AssertionError: expected [FEATURED132COURSES] but found [FEATURED COURSES]
at academy.ValidateTitle.basePageNavigation(ValidateTitle.java:35)
at java.util.ArrayList.forEach(ArrayList.java:1257)
... Removed 33 stack frames]]>
    </failure>
  </testcase> <!-- basePageNavigation -->
</testsuite> <!-- Validating title -->
